<?xml version="1.0" encoding="UTF-8"?>
<!-- Generated by org.testng.reporters.JUnitReportReporter -->
<testsuite skipped="0" hostname="DESKTOP-28T382F" name="com.pkj.study.TestNGDemos.Sum" tests="1" failures="0" timestamp="2020-04-19T12:43:03 IST" time="0.010" errors="0">
  <testcase name="add" time="0.010" classname="com.pkj.study.TestNGDemos.Sum"/>
  <system-out/>
</testsuite> <!-- com.pkj.study.TestNGDemos.Sum -->
