<?xml version="1.0" encoding="UTF-8"?>
<!-- Generated by org.testng.reporters.JUnitReportReporter -->
<testsuite skipped="0" hostname="DESKTOP-28T382F" name="com.pkj.study.TestNGDemos.TestUsingRegexExclude" tests="1" failures="0" timestamp="2020-04-18T19:47:28 IST" time="0.001" errors="0">
  <testcase name="owner_name" time="0.001" classname="com.pkj.study.TestNGDemos.TestUsingRegexExclude"/>
  <system-out/>
</testsuite> <!-- com.pkj.study.TestNGDemos.TestUsingRegexExclude -->
