<?xml version="1.0" encoding="UTF-8"?>
<!-- Generated by org.testng.reporters.JUnitReportReporter -->
<testsuite skipped="0" hostname="DESKTOP-28T382F" name="com.pkj.study.TestNGDemos.Subtract" tests="1" failures="0" timestamp="2020-04-19T12:43:03 IST" time="0.003" errors="0">
  <testcase name="sub" time="0.003" classname="com.pkj.study.TestNGDemos.Subtract"/>
  <system-out/>
</testsuite> <!-- com.pkj.study.TestNGDemos.Subtract -->
