<?xml version="1.0" encoding="UTF-8"?>
<!-- Generated by org.testng.reporters.JUnitReportReporter -->
<testsuite skipped="0" hostname="DESKTOP-28T382F" name="com.pkj.study.TestNGDemos.DataProviderTest" tests="20" failures="0" timestamp="2020-04-19T14:38:01 IST" time="0.035" errors="0">
  <testcase name="testAdd" time="0.000" classname="com.pkj.study.TestNGDemos.DataProviderTest"/>
  <system-out/>
  <testcase name="testMull" time="0.002" classname="com.pkj.study.TestNGDemos.DataProviderTest"/>
  <system-out/>
  <testcase name="testMull" time="0.001" classname="com.pkj.study.TestNGDemos.DataProviderTest"/>
  <system-out/>
  <testcase name="testMull" time="0.001" classname="com.pkj.study.TestNGDemos.DataProviderTest"/>
  <system-out/>
  <testcase name="testMull" time="0.001" classname="com.pkj.study.TestNGDemos.DataProviderTest"/>
  <system-out/>
  <testcase name="testAdd" time="0.001" classname="com.pkj.study.TestNGDemos.DataProviderTest"/>
  <system-out/>
  <testcase name="testSquare" time="0.001" classname="com.pkj.study.TestNGDemos.DataProviderTest"/>
  <system-out/>
  <testcase name="testSquare" time="0.001" classname="com.pkj.study.TestNGDemos.DataProviderTest"/>
  <system-out/>
  <testcase name="testAdd" time="0.011" classname="com.pkj.study.TestNGDemos.DataProviderTest"/>
  <system-out/>
  <testcase name="testMull" time="0.001" classname="com.pkj.study.TestNGDemos.DataProviderTest"/>
  <system-out/>
  <testcase name="testSquare" time="0.001" classname="com.pkj.study.TestNGDemos.DataProviderTest"/>
  <system-out/>
  <testcase name="testAdd" time="0.001" classname="com.pkj.study.TestNGDemos.DataProviderTest"/>
  <system-out/>
  <testcase name="testSquare" time="0.001" classname="com.pkj.study.TestNGDemos.DataProviderTest"/>
  <system-out/>
  <testcase name="testMull" time="0.001" classname="com.pkj.study.TestNGDemos.DataProviderTest"/>
  <system-out/>
  <testcase name="testMull" time="0.001" classname="com.pkj.study.TestNGDemos.DataProviderTest"/>
  <system-out/>
  <testcase name="testSquare" time="0.001" classname="com.pkj.study.TestNGDemos.DataProviderTest"/>
  <system-out/>
  <testcase name="testMull" time="0.002" classname="com.pkj.study.TestNGDemos.DataProviderTest"/>
  <system-out/>
  <testcase name="testMull" time="0.005" classname="com.pkj.study.TestNGDemos.DataProviderTest"/>
  <system-out/>
  <testcase name="testMull" time="0.001" classname="com.pkj.study.TestNGDemos.DataProviderTest"/>
  <system-out/>
  <testcase name="testAdd" time="0.001" classname="com.pkj.study.TestNGDemos.DataProviderTest"/>
  <system-out/>
</testsuite> <!-- com.pkj.study.TestNGDemos.DataProviderTest -->
