<?xml version="1.0" encoding="UTF-8"?>
<!-- Generated by org.testng.reporters.JUnitReportReporter -->
<testsuite skipped="1" hostname="DESKTOP-28T382F" name="com.pkj.study.TestNGDemos.test2" tests="3" failures="0" timestamp="2020-04-18T19:47:28 IST" time="0.002" errors="0">
  <testcase name="m3" time="0.001" classname="com.pkj.study.TestNGDemos.test2"/>
  <system-out/>
  <testcase name="m2" time="0.001" classname="com.pkj.study.TestNGDemos.test2"/>
  <system-out/>
  <testcase name="m1" classname="com.pkj.study.TestNGDemos.test2">
    <skipped/>
  </testcase> <!-- m1 -->
  <system-out/>
</testsuite> <!-- com.pkj.study.TestNGDemos.test2 -->
