<?xml version="1.0" encoding="UTF-8"?>
<!-- Generated by org.testng.reporters.JUnitReportReporter -->
<testsuite skipped="0" hostname="DESKTOP-28T382F" name="com.pkj.study.TestNGDemos.DependsOnMethods" tests="3" failures="0" timestamp="2020-04-19T12:24:40 IST" time="0.000" errors="0">
  <testcase name="APIStudentLogin" time="0.000" classname="com.pkj.study.TestNGDemos.DependsOnMethods"/>
  <system-out/>
  <testcase name="MobileStudentLogin" time="0.000" classname="com.pkj.study.TestNGDemos.DependsOnMethods"/>
  <system-out/>
  <testcase name="WebStudentLogin" time="0.000" classname="com.pkj.study.TestNGDemos.DependsOnMethods"/>
  <system-out/>
</testsuite> <!-- com.pkj.study.TestNGDemos.DependsOnMethods -->
