<?xml version="1.0" encoding="UTF-8"?>
<!-- Generated by org.testng.reporters.JUnitReportReporter -->
<testsuite skipped="0" hostname="DESKTOP-28T382F" name="com.pkj.study.TestNGDemos.Fruits" tests="3" failures="0" timestamp="2020-04-19T12:18:09 IST" time="0.031" errors="0">
  <testcase name="C_watermelon" time="0.016" classname="com.pkj.study.TestNGDemos.Fruits"/>
  <system-out/>
  <testcase name="D_mango" time="0.000" classname="com.pkj.study.TestNGDemos.Fruits"/>
  <system-out/>
  <testcase name="B_apple" time="0.015" classname="com.pkj.study.TestNGDemos.Fruits"/>
  <system-out/>
</testsuite> <!-- com.pkj.study.TestNGDemos.Fruits -->
