<?xml version="1.0" encoding="UTF-8"?>
<!-- Generated by org.testng.reporters.JUnitReportReporter -->
<testsuite skipped="0" hostname="DESKTOP-28T382F" name="com.pkj.study.TestNGDemos.TestUsingRegex" tests="3" failures="0" timestamp="2020-04-18T19:42:27 IST" time="0.012" errors="0">
  <testcase name="MobileLoginHomeLoan" time="0.002" classname="com.pkj.study.TestNGDemos.TestUsingRegex"/>
  <system-out/>
  <testcase name="MobileLoginCarLoan" time="0.008" classname="com.pkj.study.TestNGDemos.TestUsingRegex"/>
  <system-out/>
  <testcase name="MobileLoginPersonalLoan" time="0.002" classname="com.pkj.study.TestNGDemos.TestUsingRegex"/>
  <system-out/>
</testsuite> <!-- com.pkj.study.TestNGDemos.TestUsingRegex -->
