<?xml version="1.0" encoding="UTF-8"?>
<!-- Generated by org.testng.reporters.JUnitReportReporter -->
<testsuite skipped="0" hostname="DESKTOP-28T382F" name="com.pkj.study.TestNGDemos.Software_Company" tests="4" failures="0" timestamp="2020-04-26T14:46:40 IST" time="0.020" errors="0">
  <testcase name="technip" time="0.002" classname="com.pkj.study.TestNGDemos.Software_Company"/>
  <system-out/>
  <testcase name="infosys" time="0.002" classname="com.pkj.study.TestNGDemos.Software_Company"/>
  <system-out/>
  <testcase name="wipro" time="0.002" classname="com.pkj.study.TestNGDemos.Software_Company"/>
  <system-out/>
  <testcase name="m3" time="0.014" classname="com.pkj.study.TestNGDemos.Software_Company"/>
  <system-out/>
</testsuite> <!-- com.pkj.study.TestNGDemos.Software_Company -->
